Performance Statistics   2013-04-08 19:22:00 - 2013-04-08 19:23:00
Tag                                                  Avg(ms)         Min         Max     Std Dev       Count
AUTHENTICATE                                           454.0         454         454         0.0           1
CREATE_TICKET_GRANTING_TICKET                          459.0         459         459         0.0           1
GRANT_SERVICE_TICKET                                     2.0           2           2         0.0           1
VALIDATE_SERVICE_TICKET                                 24.0          24          24         0.0           1

Performance Statistics   2013-04-08 19:23:00 - 2013-04-08 19:24:00
Tag                                                  Avg(ms)         Min         Max     Std Dev       Count
AUTHENTICATE                                            52.0          52          52         0.0           1
CREATE_TICKET_GRANTING_TICKET                           52.0          52          52         0.0           1
GRANT_SERVICE_TICKET                                     0.0           0           0         0.0           1
VALIDATE_SERVICE_TICKET                                  0.0           0           0         0.0           1

Performance Statistics   2013-04-08 19:27:00 - 2013-04-08 19:28:00
Tag                                                  Avg(ms)         Min         Max     Std Dev       Count
AUTHENTICATE                                           199.0         199         199         0.0           1
CREATE_TICKET_GRANTING_TICKET                          204.0         204         204         0.0           1
GRANT_SERVICE_TICKET                                     2.0           2           2         0.0           1
VALIDATE_SERVICE_TICKET                                  7.0           7           7         0.0           1

Performance Statistics   2013-04-08 19:28:00 - 2013-04-08 19:29:00
Tag                                                  Avg(ms)         Min         Max     Std Dev       Count

Performance Statistics   2013-04-08 19:29:00 - 2013-04-08 19:30:00
Tag                                                  Avg(ms)         Min         Max     Std Dev       Count

Performance Statistics   2013-04-08 19:30:00 - 2013-04-08 19:31:00
Tag                                                  Avg(ms)         Min         Max     Std Dev       Count

Performance Statistics   2013-04-08 19:31:00 - 2013-04-08 19:32:00
Tag                                                  Avg(ms)         Min         Max     Std Dev       Count

Performance Statistics   2013-04-08 19:32:00 - 2013-04-08 19:33:00
Tag                                                  Avg(ms)         Min         Max     Std Dev       Count

Performance Statistics   2013-04-08 19:33:00 - 2013-04-08 19:34:00
Tag                                                  Avg(ms)         Min         Max     Std Dev       Count

Performance Statistics   2013-04-08 19:52:00 - 2013-04-08 19:53:00
Tag                                                  Avg(ms)         Min         Max     Std Dev       Count
AUTHENTICATE                                           463.0         463         463         0.0           1
CREATE_TICKET_GRANTING_TICKET                          468.0         468         468         0.0           1
GRANT_SERVICE_TICKET                                     2.0           2           2         0.0           1
VALIDATE_SERVICE_TICKET                                 19.0          19          19         0.0           1

Performance Statistics   2013-04-08 19:53:00 - 2013-04-08 19:54:00
Tag                                                  Avg(ms)         Min         Max     Std Dev       Count

Performance Statistics   2013-04-08 19:55:00 - 2013-04-08 19:56:00
Tag                                                  Avg(ms)         Min         Max     Std Dev       Count
AUTHENTICATE                                           432.0         432         432         0.0           1
CREATE_TICKET_GRANTING_TICKET                          437.0         437         437         0.0           1
GRANT_SERVICE_TICKET                                     2.0           2           2         0.0           1
VALIDATE_SERVICE_TICKET                                 25.0          25          25         0.0           1

Performance Statistics   2013-04-08 19:56:00 - 2013-04-08 19:57:00
Tag                                                  Avg(ms)         Min         Max     Std Dev       Count

Performance Statistics   2013-04-08 19:57:00 - 2013-04-08 19:58:00
Tag                                                  Avg(ms)         Min         Max     Std Dev       Count

Performance Statistics   2013-04-08 19:58:00 - 2013-04-08 19:59:00
Tag                                                  Avg(ms)         Min         Max     Std Dev       Count

Performance Statistics   2013-04-08 19:59:00 - 2013-04-08 20:00:00
Tag                                                  Avg(ms)         Min         Max     Std Dev       Count

Performance Statistics   2013-04-08 20:00:00 - 2013-04-08 20:01:00
Tag                                                  Avg(ms)         Min         Max     Std Dev       Count

Performance Statistics   2013-04-08 22:13:00 - 2013-04-08 22:14:00
Tag                                                  Avg(ms)         Min         Max     Std Dev       Count
AUTHENTICATE                                           195.0         195         195         0.0           1
CREATE_TICKET_GRANTING_TICKET                          199.0         199         199         0.0           1
GRANT_SERVICE_TICKET                                     2.0           2           2         0.0           1
VALIDATE_SERVICE_TICKET                                  9.0           9           9         0.0           1

Performance Statistics   2013-04-08 22:14:00 - 2013-04-08 22:15:00
Tag                                                  Avg(ms)         Min         Max     Std Dev       Count

Performance Statistics   2013-04-08 22:15:00 - 2013-04-08 22:16:00
Tag                                                  Avg(ms)         Min         Max     Std Dev       Count

Performance Statistics   2013-04-08 22:22:00 - 2013-04-08 22:23:00
Tag                                                  Avg(ms)         Min         Max     Std Dev       Count
AUTHENTICATE                                           428.0         428         428         0.0           1
CREATE_TICKET_GRANTING_TICKET                          444.0         444         444         0.0           1
GRANT_SERVICE_TICKET                                     2.0           2           2         0.0           1
VALIDATE_SERVICE_TICKET                                  7.0           7           7         0.0           1

Performance Statistics   2013-04-08 22:23:00 - 2013-04-08 22:24:00
Tag                                                  Avg(ms)         Min         Max     Std Dev       Count

Performance Statistics   2013-04-08 22:24:00 - 2013-04-08 22:25:00
Tag                                                  Avg(ms)         Min         Max     Std Dev       Count

Performance Statistics   2013-04-08 22:26:00 - 2013-04-08 22:27:00
Tag                                                  Avg(ms)         Min         Max     Std Dev       Count
AUTHENTICATE                                           436.0         436         436         0.0           1
CREATE_TICKET_GRANTING_TICKET                          441.0         441         441         0.0           1
GRANT_SERVICE_TICKET                                     2.0           2           2         0.0           1
VALIDATE_SERVICE_TICKET                                  8.0           8           8         0.0           1

Performance Statistics   2013-04-08 22:27:00 - 2013-04-08 22:28:00
Tag                                                  Avg(ms)         Min         Max     Std Dev       Count

Performance Statistics   2013-04-08 22:28:00 - 2013-04-08 22:29:00
Tag                                                  Avg(ms)         Min         Max     Std Dev       Count

Performance Statistics   2013-04-08 22:29:00 - 2013-04-08 22:30:00
Tag                                                  Avg(ms)         Min         Max     Std Dev       Count

Performance Statistics   2013-04-08 22:31:00 - 2013-04-08 22:32:00
Tag                                                  Avg(ms)         Min         Max     Std Dev       Count
AUTHENTICATE                                           442.0         442         442         0.0           1
CREATE_TICKET_GRANTING_TICKET                          447.0         447         447         0.0           1
GRANT_SERVICE_TICKET                                     3.0           3           3         0.0           1
VALIDATE_SERVICE_TICKET                                  8.0           8           8         0.0           1

Performance Statistics   2013-04-08 22:37:00 - 2013-04-08 22:38:00
Tag                                                  Avg(ms)         Min         Max     Std Dev       Count
AUTHENTICATE                                           446.0         446         446         0.0           1
CREATE_TICKET_GRANTING_TICKET                          450.0         450         450         0.0           1
GRANT_SERVICE_TICKET                                     2.0           2           2         0.0           1
VALIDATE_SERVICE_TICKET                                 15.0          15          15         0.0           1

Performance Statistics   2013-04-08 22:38:00 - 2013-04-08 22:39:00
Tag                                                  Avg(ms)         Min         Max     Std Dev       Count

Performance Statistics   2013-04-08 22:39:00 - 2013-04-08 22:40:00
Tag                                                  Avg(ms)         Min         Max     Std Dev       Count

Performance Statistics   2013-04-08 22:40:00 - 2013-04-08 22:41:00
Tag                                                  Avg(ms)         Min         Max     Std Dev       Count

Performance Statistics   2013-04-08 22:41:00 - 2013-04-08 22:42:00
Tag                                                  Avg(ms)         Min         Max     Std Dev       Count

Performance Statistics   2013-04-08 22:42:00 - 2013-04-08 22:43:00
Tag                                                  Avg(ms)         Min         Max     Std Dev       Count

Performance Statistics   2013-04-08 22:43:00 - 2013-04-08 22:44:00
Tag                                                  Avg(ms)         Min         Max     Std Dev       Count

Performance Statistics   2013-04-08 22:44:00 - 2013-04-08 22:45:00
Tag                                                  Avg(ms)         Min         Max     Std Dev       Count

Performance Statistics   2013-04-08 22:45:00 - 2013-04-08 22:46:00
Tag                                                  Avg(ms)         Min         Max     Std Dev       Count

Performance Statistics   2013-04-08 22:46:00 - 2013-04-08 22:47:00
Tag                                                  Avg(ms)         Min         Max     Std Dev       Count

Performance Statistics   2013-04-08 22:47:00 - 2013-04-08 22:48:00
Tag                                                  Avg(ms)         Min         Max     Std Dev       Count

Performance Statistics   2013-04-08 22:48:00 - 2013-04-08 22:49:00
Tag                                                  Avg(ms)         Min         Max     Std Dev       Count

Performance Statistics   2013-04-08 22:49:00 - 2013-04-08 22:50:00
Tag                                                  Avg(ms)         Min         Max     Std Dev       Count

Performance Statistics   2013-04-08 22:50:00 - 2013-04-08 22:51:00
Tag                                                  Avg(ms)         Min         Max     Std Dev       Count

Performance Statistics   2013-04-08 22:51:00 - 2013-04-08 22:52:00
Tag                                                  Avg(ms)         Min         Max     Std Dev       Count

Performance Statistics   2013-04-08 22:52:00 - 2013-04-08 22:53:00
Tag                                                  Avg(ms)         Min         Max     Std Dev       Count

Performance Statistics   2013-04-08 22:53:00 - 2013-04-08 22:54:00
Tag                                                  Avg(ms)         Min         Max     Std Dev       Count

Performance Statistics   2013-04-08 22:54:00 - 2013-04-08 22:55:00
Tag                                                  Avg(ms)         Min         Max     Std Dev       Count

Performance Statistics   2013-04-08 22:55:00 - 2013-04-08 22:56:00
Tag                                                  Avg(ms)         Min         Max     Std Dev       Count

Performance Statistics   2013-04-08 22:56:00 - 2013-04-08 22:57:00
Tag                                                  Avg(ms)         Min         Max     Std Dev       Count

Performance Statistics   2013-04-08 22:57:00 - 2013-04-08 22:58:00
Tag                                                  Avg(ms)         Min         Max     Std Dev       Count

Performance Statistics   2013-04-08 22:58:00 - 2013-04-08 22:59:00
Tag                                                  Avg(ms)         Min         Max     Std Dev       Count

Performance Statistics   2013-04-08 23:02:00 - 2013-04-08 23:03:00
Tag                                                  Avg(ms)         Min         Max     Std Dev       Count
AUTHENTICATE                                           424.0         424         424         0.0           1
CREATE_TICKET_GRANTING_TICKET                          428.0         428         428         0.0           1
GRANT_SERVICE_TICKET                                     2.0           2           2         0.0           1
VALIDATE_SERVICE_TICKET                                  7.0           7           7         0.0           1

Performance Statistics   2013-04-08 23:03:00 - 2013-04-08 23:04:00
Tag                                                  Avg(ms)         Min         Max     Std Dev       Count

